[INFO] [2017-08-07 17:24:21][org.quartz.impl.StdSchedulerFactory]Using default implementation for ThreadExecutor
  [INFO] [2017-08-07 17:24:21][org.quartz.simpl.SimpleThreadPool]Job execution threads will use class loader of thread: main
  [INFO] [2017-08-07 17:24:21][org.quartz.core.SchedulerSignalerImpl]Initialized Scheduler Signaller of type: class org.quartz.core.SchedulerSignalerImpl
  [INFO] [2017-08-07 17:24:21][org.quartz.core.QuartzScheduler]Quartz Scheduler v.2.2.1 created.
  [INFO] [2017-08-07 17:24:21][org.quartz.simpl.RAMJobStore]RAMJobStore initialized.
  [INFO] [2017-08-07 17:24:21][org.quartz.core.QuartzScheduler]Scheduler meta-data: Quartz Scheduler (v2.2.1) 'DefaultQuartzScheduler' with instanceId 'NON_CLUSTERED'
  Scheduler class: 'org.quartz.core.QuartzScheduler' - running locally.
  NOT STARTED.
  Currently in standby mode.
  Number of jobs executed: 0
  Using thread pool 'org.quartz.simpl.SimpleThreadPool' - with 10 threads.
  Using job-store 'org.quartz.simpl.RAMJobStore' - which does not support persistence. and is not clustered.

  [INFO] [2017-08-07 17:24:21][org.quartz.impl.StdSchedulerFactory]Quartz scheduler 'DefaultQuartzScheduler' initialized from default resource file in Quartz package: 'quartz.properties'
  [INFO] [2017-08-07 17:24:21][org.quartz.impl.StdSchedulerFactory]Quartz scheduler version: 2.2.1
  [INFO] [2017-08-07 17:26:12][org.quartz.impl.StdSchedulerFactory]Using default implementation for ThreadExecutor
  [INFO] [2017-08-07 17:26:12][org.quartz.simpl.SimpleThreadPool]Job execution threads will use class loader of thread: main
  [INFO] [2017-08-07 17:26:12][org.quartz.core.SchedulerSignalerImpl]Initialized Scheduler Signaller of type: class org.quartz.core.SchedulerSignalerImpl
  [INFO] [2017-08-07 17:26:12][org.quartz.core.QuartzScheduler]Quartz Scheduler v.2.2.1 created.
  [INFO] [2017-08-07 17:26:12][org.quartz.simpl.RAMJobStore]RAMJobStore initialized.
  [INFO] [2017-08-07 17:26:12][org.quartz.core.QuartzScheduler]Scheduler meta-data: Quartz Scheduler (v2.2.1) 'DefaultQuartzScheduler' with instanceId 'NON_CLUSTERED'
  Scheduler class: 'org.quartz.core.QuartzScheduler' - running locally.
  NOT STARTED.
  Currently in standby mode.
  Number of jobs executed: 0
  Using thread pool 'org.quartz.simpl.SimpleThreadPool' - with 10 threads.
  Using job-store 'org.quartz.simpl.RAMJobStore' - which does not support persistence. and is not clustered.

  [INFO] [2017-08-07 17:26:12][org.quartz.impl.StdSchedulerFactory]Quartz scheduler 'DefaultQuartzScheduler' initialized from default resource file in Quartz package: 'quartz.properties'
  [INFO] [2017-08-07 17:26:12][org.quartz.impl.StdSchedulerFactory]Quartz scheduler version: 2.2.1
  [INFO] [2017-08-07 17:27:08][org.quartz.impl.StdSchedulerFactory]Using default implementation for ThreadExecutor
  [INFO] [2017-08-07 17:27:08][org.quartz.simpl.SimpleThreadPool]Job execution threads will use class loader of thread: main
  [INFO] [2017-08-07 17:27:08][org.quartz.core.SchedulerSignalerImpl]Initialized Scheduler Signaller of type: class org.quartz.core.SchedulerSignalerImpl
  [INFO] [2017-08-07 17:27:08][org.quartz.core.QuartzScheduler]Quartz Scheduler v.2.2.1 created.
  [INFO] [2017-08-07 17:27:08][org.quartz.simpl.RAMJobStore]RAMJobStore initialized.
  [INFO] [2017-08-07 17:27:08][org.quartz.core.QuartzScheduler]Scheduler meta-data: Quartz Scheduler (v2.2.1) 'DefaultQuartzScheduler' with instanceId 'NON_CLUSTERED'
  Scheduler class: 'org.quartz.core.QuartzScheduler' - running locally.
  NOT STARTED.
  Currently in standby mode.
  Number of jobs executed: 0
  Using thread pool 'org.quartz.simpl.SimpleThreadPool' - with 10 threads.
  Using job-store 'org.quartz.simpl.RAMJobStore' - which does not support persistence. and is not clustered.

  [INFO] [2017-08-07 17:27:08][org.quartz.impl.StdSchedulerFactory]Quartz scheduler 'DefaultQuartzScheduler' initialized from default resource file in Quartz package: 'quartz.properties'
  [INFO] [2017-08-07 17:27:08][org.quartz.impl.StdSchedulerFactory]Quartz scheduler version: 2.2.1
  [INFO] [2017-08-07 17:27:08][org.quartz.core.QuartzScheduler]Scheduler DefaultQuartzScheduler_$_NON_CLUSTERED started.
  [INFO] [2017-08-07 17:27:39][org.quartz.impl.StdSchedulerFactory]Using default implementation for ThreadExecutor
  [INFO] [2017-08-07 17:27:39][org.quartz.simpl.SimpleThreadPool]Job execution threads will use class loader of thread: main
  [INFO] [2017-08-07 17:27:39][org.quartz.core.SchedulerSignalerImpl]Initialized Scheduler Signaller of type: class org.quartz.core.SchedulerSignalerImpl
  [INFO] [2017-08-07 17:27:39][org.quartz.core.QuartzScheduler]Quartz Scheduler v.2.2.1 created.
  [INFO] [2017-08-07 17:27:39][org.quartz.simpl.RAMJobStore]RAMJobStore initialized.
  [INFO] [2017-08-07 17:27:39][org.quartz.core.QuartzScheduler]Scheduler meta-data: Quartz Scheduler (v2.2.1) 'DefaultQuartzScheduler' with instanceId 'NON_CLUSTERED'
  Scheduler class: 'org.quartz.core.QuartzScheduler' - running locally.
  NOT STARTED.
  Currently in standby mode.
  Number of jobs executed: 0
  Using thread pool 'org.quartz.simpl.SimpleThreadPool' - with 10 threads.
  Using job-store 'org.quartz.simpl.RAMJobStore' - which does not support persistence. and is not clustered.

  [INFO] [2017-08-07 17:27:39][org.quartz.impl.StdSchedulerFactory]Quartz scheduler 'DefaultQuartzScheduler' initialized from default resource file in Quartz package: 'quartz.properties'
  [INFO] [2017-08-07 17:27:39][org.quartz.impl.StdSchedulerFactory]Quartz scheduler version: 2.2.1
  [INFO] [2017-08-07 17:28:07][org.quartz.impl.StdSchedulerFactory]Using default implementation for ThreadExecutor
  [INFO] [2017-08-07 17:28:07][org.quartz.simpl.SimpleThreadPool]Job execution threads will use class loader of thread: main
  [INFO] [2017-08-07 17:28:07][org.quartz.core.SchedulerSignalerImpl]Initialized Scheduler Signaller of type: class org.quartz.core.SchedulerSignalerImpl
  [INFO] [2017-08-07 17:28:07][org.quartz.core.QuartzScheduler]Quartz Scheduler v.2.2.1 created.
  [INFO] [2017-08-07 17:28:07][org.quartz.simpl.RAMJobStore]RAMJobStore initialized.
  [INFO] [2017-08-07 17:28:07][org.quartz.core.QuartzScheduler]Scheduler meta-data: Quartz Scheduler (v2.2.1) 'DefaultQuartzScheduler' with instanceId 'NON_CLUSTERED'
  Scheduler class: 'org.quartz.core.QuartzScheduler' - running locally.
  NOT STARTED.
  Currently in standby mode.
  Number of jobs executed: 0
  Using thread pool 'org.quartz.simpl.SimpleThreadPool' - with 10 threads.
  Using job-store 'org.quartz.simpl.RAMJobStore' - which does not support persistence. and is not clustered.

  [INFO] [2017-08-07 17:28:07][org.quartz.impl.StdSchedulerFactory]Quartz scheduler 'DefaultQuartzScheduler' initialized from default resource file in Quartz package: 'quartz.properties'
  [INFO] [2017-08-07 17:28:07][org.quartz.impl.StdSchedulerFactory]Quartz scheduler version: 2.2.1
  [INFO] [2017-08-07 17:28:07][org.quartz.core.QuartzScheduler]Scheduler DefaultQuartzScheduler_$_NON_CLUSTERED started.
  [INFO] [2017-08-07 17:30:21][org.quartz.impl.StdSchedulerFactory]Using default implementation for ThreadExecutor
  [INFO] [2017-08-07 17:30:21][org.quartz.simpl.SimpleThreadPool]Job execution threads will use class loader of thread: main
  [INFO] [2017-08-07 17:30:21][org.quartz.core.SchedulerSignalerImpl]Initialized Scheduler Signaller of type: class org.quartz.core.SchedulerSignalerImpl
  [INFO] [2017-08-07 17:30:21][org.quartz.core.QuartzScheduler]Quartz Scheduler v.2.2.1 created.
  [INFO] [2017-08-07 17:30:21][org.quartz.simpl.RAMJobStore]RAMJobStore initialized.
  [INFO] [2017-08-07 17:30:21][org.quartz.core.QuartzScheduler]Scheduler meta-data: Quartz Scheduler (v2.2.1) 'DefaultQuartzScheduler' with instanceId 'NON_CLUSTERED'
  Scheduler class: 'org.quartz.core.QuartzScheduler' - running locally.
  NOT STARTED.
  Currently in standby mode.
  Number of jobs executed: 0
  Using thread pool 'org.quartz.simpl.SimpleThreadPool' - with 10 threads.
  Using job-store 'org.quartz.simpl.RAMJobStore' - which does not support persistence. and is not clustered.

  [INFO] [2017-08-07 17:30:21][org.quartz.impl.StdSchedulerFactory]Quartz scheduler 'DefaultQuartzScheduler' initialized from default resource file in Quartz package: 'quartz.properties'
  [INFO] [2017-08-07 17:30:21][org.quartz.impl.StdSchedulerFactory]Quartz scheduler version: 2.2.1
  [INFO] [2017-08-07 17:30:21][org.quartz.core.QuartzScheduler]Scheduler DefaultQuartzScheduler_$_NON_CLUSTERED started.
  [INFO] [2017-08-07 17:31:26][org.quartz.core.QuartzScheduler]Scheduler DefaultQuartzScheduler_$_NON_CLUSTERED shutting down.
  [INFO] [2017-08-07 17:31:26][org.quartz.core.QuartzScheduler]Scheduler DefaultQuartzScheduler_$_NON_CLUSTERED paused.
  [INFO] [2017-08-07 17:31:26][org.quartz.core.QuartzScheduler]Scheduler DefaultQuartzScheduler_$_NON_CLUSTERED shutdown complete.
  [INFO] [2017-08-07 17:32:33][org.quartz.impl.StdSchedulerFactory]Using default implementation for ThreadExecutor
  [INFO] [2017-08-07 17:32:33][org.quartz.simpl.SimpleThreadPool]Job execution threads will use class loader of thread: main
  [INFO] [2017-08-07 17:32:33][org.quartz.core.SchedulerSignalerImpl]Initialized Scheduler Signaller of type: class org.quartz.core.SchedulerSignalerImpl
  [INFO] [2017-08-07 17:32:33][org.quartz.core.QuartzScheduler]Quartz Scheduler v.2.2.1 created.
  [INFO] [2017-08-07 17:32:33][org.quartz.simpl.RAMJobStore]RAMJobStore initialized.
  [INFO] [2017-08-07 17:32:33][org.quartz.core.QuartzScheduler]Scheduler meta-data: Quartz Scheduler (v2.2.1) 'DefaultQuartzScheduler' with instanceId 'NON_CLUSTERED'
  Scheduler class: 'org.quartz.core.QuartzScheduler' - running locally.
  NOT STARTED.
  Currently in standby mode.
  Number of jobs executed: 0
  Using thread pool 'org.quartz.simpl.SimpleThreadPool' - with 10 threads.
  Using job-store 'org.quartz.simpl.RAMJobStore' - which does not support persistence. and is not clustered.

  [INFO] [2017-08-07 17:32:33][org.quartz.impl.StdSchedulerFactory]Quartz scheduler 'DefaultQuartzScheduler' initialized from default resource file in Quartz package: 'quartz.properties'
  [INFO] [2017-08-07 17:32:33][org.quartz.impl.StdSchedulerFactory]Quartz scheduler version: 2.2.1
  [INFO] [2017-08-07 17:32:33][org.quartz.core.QuartzScheduler]Scheduler DefaultQuartzScheduler_$_NON_CLUSTERED started.
  [INFO] [2017-08-07 17:32:44][org.quartz.impl.StdSchedulerFactory]Using default implementation for ThreadExecutor
  [INFO] [2017-08-07 17:32:44][org.quartz.simpl.SimpleThreadPool]Job execution threads will use class loader of thread: main
  [INFO] [2017-08-07 17:32:45][org.quartz.core.SchedulerSignalerImpl]Initialized Scheduler Signaller of type: class org.quartz.core.SchedulerSignalerImpl
  [INFO] [2017-08-07 17:32:45][org.quartz.core.QuartzScheduler]Quartz Scheduler v.2.2.1 created.
  [INFO] [2017-08-07 17:32:45][org.quartz.simpl.RAMJobStore]RAMJobStore initialized.
  [INFO] [2017-08-07 17:32:45][org.quartz.core.QuartzScheduler]Scheduler meta-data: Quartz Scheduler (v2.2.1) 'DefaultQuartzScheduler' with instanceId 'NON_CLUSTERED'
  Scheduler class: 'org.quartz.core.QuartzScheduler' - running locally.
  NOT STARTED.
  Currently in standby mode.
  Number of jobs executed: 0
  Using thread pool 'org.quartz.simpl.SimpleThreadPool' - with 10 threads.
  Using job-store 'org.quartz.simpl.RAMJobStore' - which does not support persistence. and is not clustered.

  [INFO] [2017-08-07 17:32:45][org.quartz.impl.StdSchedulerFactory]Quartz scheduler 'DefaultQuartzScheduler' initialized from default resource file in Quartz package: 'quartz.properties'
  [INFO] [2017-08-07 17:32:45][org.quartz.impl.StdSchedulerFactory]Quartz scheduler version: 2.2.1
  [INFO] [2017-08-07 17:32:45][org.quartz.core.QuartzScheduler]Scheduler DefaultQuartzScheduler_$_NON_CLUSTERED started.
  [INFO] [2017-08-07 17:32:55][org.quartz.core.QuartzScheduler]Scheduler DefaultQuartzScheduler_$_NON_CLUSTERED shutting down.
  [INFO] [2017-08-07 17:32:55][org.quartz.core.QuartzScheduler]Scheduler DefaultQuartzScheduler_$_NON_CLUSTERED paused.
  [INFO] [2017-08-07 17:32:55][org.quartz.core.QuartzScheduler]Scheduler DefaultQuartzScheduler_$_NON_CLUSTERED shutdown complete.
  