[INFO] [2017-07-31 22:39:24][org.springframework.web.context.ContextLoader]Root WebApplicationContext: initialization started
  [INFO] [2017-07-31 22:39:24][org.springframework.web.context.support.XmlWebApplicationContext]Refreshing Root WebApplicationContext: startup date [Mon Jul 31 22:39:24 CST 2017]; root of context hierarchy
  [INFO] [2017-07-31 22:39:25][org.springframework.beans.factory.xml.XmlBeanDefinitionReader]Loading XML bean definitions from class path resource [applicationContext.xml]
  [INFO] [2017-07-31 22:39:25][org.springframework.beans.factory.config.PropertyPlaceholderConfigurer]Loading properties file from class path resource [jdbc.properties]
  [INFO] [2017-07-31 22:39:25][org.springframework.beans.factory.annotation.AutowiredAnnotationBeanPostProcessor]JSR-330 'javax.inject.Inject' annotation found and supported for autowiring
  [INFO] [2017-07-31 22:39:25][org.springframework.web.context.ContextLoader]Root WebApplicationContext: initialization completed in 929 ms
  [INFO] [2017-07-31 22:39:25][org.springframework.web.servlet.DispatcherServlet]FrameworkServlet 'SpringMVC': initialization started
  [INFO] [2017-07-31 22:39:25][org.springframework.web.context.support.XmlWebApplicationContext]Refreshing WebApplicationContext for namespace 'SpringMVC-servlet': startup date [Mon Jul 31 22:39:25 CST 2017]; parent: Root WebApplicationContext
  [INFO] [2017-07-31 22:39:25][org.springframework.beans.factory.xml.XmlBeanDefinitionReader]Loading XML bean definitions from class path resource [spring-mvc.xml]
  [INFO] [2017-07-31 22:39:26][org.springframework.beans.factory.annotation.AutowiredAnnotationBeanPostProcessor]JSR-330 'javax.inject.Inject' annotation found and supported for autowiring
  [INFO] [2017-07-31 22:39:26][org.springframework.web.servlet.handler.SimpleUrlHandlerMapping]Mapped URL path [/static/**] onto handler 'org.springframework.web.servlet.resource.ResourceHttpRequestHandler#0'
  [INFO] [2017-07-31 22:39:26][org.springframework.web.servlet.DispatcherServlet]FrameworkServlet 'SpringMVC': initialization completed in 1099 ms
  [WARN] [2017-07-31 22:39:49][org.springframework.web.servlet.PageNotFound]No mapping found for HTTP request with URI [/shiroweb/login] in DispatcherServlet with name 'SpringMVC'
  [INFO] [2017-07-31 23:28:33][org.springframework.web.context.ContextLoader]Root WebApplicationContext: initialization started
  [INFO] [2017-07-31 23:28:33][org.springframework.web.context.support.XmlWebApplicationContext]Refreshing Root WebApplicationContext: startup date [Mon Jul 31 23:28:33 CST 2017]; root of context hierarchy
  [INFO] [2017-07-31 23:28:33][org.springframework.beans.factory.xml.XmlBeanDefinitionReader]Loading XML bean definitions from class path resource [applicationContext.xml]
  [INFO] [2017-07-31 23:28:33][org.springframework.beans.factory.config.PropertyPlaceholderConfigurer]Loading properties file from class path resource [jdbc.properties]
  [INFO] [2017-07-31 23:28:33][org.springframework.beans.factory.annotation.AutowiredAnnotationBeanPostProcessor]JSR-330 'javax.inject.Inject' annotation found and supported for autowiring
  [INFO] [2017-07-31 23:28:34][org.springframework.web.context.ContextLoader]Root WebApplicationContext: initialization completed in 976 ms
  [INFO] [2017-07-31 23:28:34][org.springframework.web.servlet.DispatcherServlet]FrameworkServlet 'SpringMVC': initialization started
  [INFO] [2017-07-31 23:28:34][org.springframework.web.context.support.XmlWebApplicationContext]Refreshing WebApplicationContext for namespace 'SpringMVC-servlet': startup date [Mon Jul 31 23:28:34 CST 2017]; parent: Root WebApplicationContext
  [INFO] [2017-07-31 23:28:34][org.springframework.beans.factory.xml.XmlBeanDefinitionReader]Loading XML bean definitions from class path resource [spring-mvc.xml]
  [INFO] [2017-07-31 23:28:34][org.springframework.beans.factory.annotation.AutowiredAnnotationBeanPostProcessor]JSR-330 'javax.inject.Inject' annotation found and supported for autowiring
  [INFO] [2017-07-31 23:28:34][org.springframework.web.servlet.mvc.method.annotation.RequestMappingHandlerMapping]Mapped "{[/login],methods=[],params=[],headers=[],consumes=[],produces=[],custom=[]}" onto public java.lang.String com.howard.shiro.controller.UserController.login()
  [INFO] [2017-07-31 23:28:35][org.springframework.web.servlet.handler.SimpleUrlHandlerMapping]Mapped URL path [/static/**] onto handler 'org.springframework.web.servlet.resource.ResourceHttpRequestHandler#0'
  [INFO] [2017-07-31 23:28:35][org.springframework.web.servlet.DispatcherServlet]FrameworkServlet 'SpringMVC': initialization completed in 942 ms
  [INFO] [2017-07-31 23:30:13][org.springframework.web.context.ContextLoader]Root WebApplicationContext: initialization started
  [INFO] [2017-07-31 23:30:13][org.springframework.web.context.support.XmlWebApplicationContext]Refreshing Root WebApplicationContext: startup date [Mon Jul 31 23:30:13 CST 2017]; root of context hierarchy
  [INFO] [2017-07-31 23:30:13][org.springframework.beans.factory.xml.XmlBeanDefinitionReader]Loading XML bean definitions from class path resource [applicationContext.xml]
  [INFO] [2017-07-31 23:30:13][org.springframework.beans.factory.config.PropertyPlaceholderConfigurer]Loading properties file from class path resource [jdbc.properties]
  [INFO] [2017-07-31 23:30:13][org.springframework.beans.factory.annotation.AutowiredAnnotationBeanPostProcessor]JSR-330 'javax.inject.Inject' annotation found and supported for autowiring
  [INFO] [2017-07-31 23:30:14][org.springframework.web.context.ContextLoader]Root WebApplicationContext: initialization completed in 1322 ms
  [INFO] [2017-07-31 23:30:14][org.springframework.web.servlet.DispatcherServlet]FrameworkServlet 'SpringMVC': initialization started
  [INFO] [2017-07-31 23:30:14][org.springframework.web.context.support.XmlWebApplicationContext]Refreshing WebApplicationContext for namespace 'SpringMVC-servlet': startup date [Mon Jul 31 23:30:14 CST 2017]; parent: Root WebApplicationContext
  [INFO] [2017-07-31 23:30:14][org.springframework.beans.factory.xml.XmlBeanDefinitionReader]Loading XML bean definitions from class path resource [spring-mvc.xml]
  [INFO] [2017-07-31 23:30:14][org.springframework.beans.factory.annotation.AutowiredAnnotationBeanPostProcessor]JSR-330 'javax.inject.Inject' annotation found and supported for autowiring
  [INFO] [2017-07-31 23:30:15][org.springframework.web.servlet.handler.SimpleUrlHandlerMapping]Mapped URL path [/static/**] onto handler 'org.springframework.web.servlet.resource.ResourceHttpRequestHandler#0'
  [INFO] [2017-07-31 23:30:15][org.springframework.web.servlet.DispatcherServlet]FrameworkServlet 'SpringMVC': initialization completed in 814 ms
  [WARN] [2017-07-31 23:30:19][org.springframework.web.servlet.PageNotFound]No mapping found for HTTP request with URI [/shiroweb/login] in DispatcherServlet with name 'SpringMVC'
  [INFO] [2017-07-31 23:30:42][org.springframework.web.context.ContextLoader]Root WebApplicationContext: initialization started
  [INFO] [2017-07-31 23:30:42][org.springframework.web.context.support.XmlWebApplicationContext]Refreshing Root WebApplicationContext: startup date [Mon Jul 31 23:30:42 CST 2017]; root of context hierarchy
  [INFO] [2017-07-31 23:30:42][org.springframework.beans.factory.xml.XmlBeanDefinitionReader]Loading XML bean definitions from class path resource [applicationContext.xml]
  [INFO] [2017-07-31 23:30:43][org.springframework.beans.factory.config.PropertyPlaceholderConfigurer]Loading properties file from class path resource [jdbc.properties]
  [INFO] [2017-07-31 23:30:43][org.springframework.beans.factory.annotation.AutowiredAnnotationBeanPostProcessor]JSR-330 'javax.inject.Inject' annotation found and supported for autowiring
  [INFO] [2017-07-31 23:30:43][org.springframework.web.context.ContextLoader]Root WebApplicationContext: initialization completed in 914 ms
  [INFO] [2017-07-31 23:30:43][org.springframework.web.servlet.DispatcherServlet]FrameworkServlet 'SpringMVC': initialization started
  [INFO] [2017-07-31 23:30:43][org.springframework.web.context.support.XmlWebApplicationContext]Refreshing WebApplicationContext for namespace 'SpringMVC-servlet': startup date [Mon Jul 31 23:30:43 CST 2017]; parent: Root WebApplicationContext
  [INFO] [2017-07-31 23:30:43][org.springframework.beans.factory.xml.XmlBeanDefinitionReader]Loading XML bean definitions from class path resource [spring-mvc.xml]
  [INFO] [2017-07-31 23:30:43][org.springframework.beans.factory.annotation.AutowiredAnnotationBeanPostProcessor]JSR-330 'javax.inject.Inject' annotation found and supported for autowiring
  [INFO] [2017-07-31 23:30:43][org.springframework.web.servlet.mvc.method.annotation.RequestMappingHandlerMapping]Mapped "{[/login],methods=[],params=[],headers=[],consumes=[],produces=[],custom=[]}" onto public java.lang.String com.howard.shiro.controller.UserController.login()
  [INFO] [2017-07-31 23:30:44][org.springframework.web.servlet.handler.SimpleUrlHandlerMapping]Mapped URL path [/static/**] onto handler 'org.springframework.web.servlet.resource.ResourceHttpRequestHandler#0'
  [INFO] [2017-07-31 23:30:44][org.springframework.web.servlet.DispatcherServlet]FrameworkServlet 'SpringMVC': initialization completed in 904 ms
  